[0mGET /message [36m304[0m 93.013 ms - -[0m
[0mGET /css/comment.css [33m404[0m 18.279 ms - 154[0m
[0mGET /css/comment.css [33m404[0m 11.559 ms - 154[0m
[0mGET / [32m200[0m 14.469 ms - 11636[0m
[0mGET / [36m304[0m 9.287 ms - -[0m
[0mGET / [36m304[0m 30.567 ms - -[0m
[0mGET /message/user/sign-out [36m302[0m 26.584 ms - 60[0m
[0mGET /message [32m200[0m 42.612 ms - 8137[0m
[0mGET /css/comment.css [33m404[0m 10.315 ms - 154[0m
[0mGET /message/user/sign-in [36m304[0m 7.858 ms - -[0m
[0mPOST /message/user/create-session [36m302[0m 14.437 ms - 60[0m
[0mGET /message [32m200[0m 28.347 ms - 15642[0m
[0mGET /css/comment.css [33m404[0m 13.455 ms - 154[0m
[0mGET / [32m200[0m 17.837 ms - 11611[0m
[0mGET / [36m304[0m 13.373 ms - -[0m
[0mGET /contact [36m304[0m 27.589 ms - -[0m
[0mGET /message [32m200[0m 59.153 ms - 7866[0m
[0mGET /css/comment.css [33m404[0m 6.572 ms - 154[0m
[0mGET /message/user/sign-in [36m304[0m 15.125 ms - -[0m
[0mPOST /message/user/create-session [36m302[0m 17.632 ms - 60[0m
[0mGET /message [32m200[0m 34.798 ms - 15642[0m
[0mGET /css/comment.css [33m404[0m 7.314 ms - 154[0m
[0mGET /message [32m200[0m 71.744 ms - 15368[0m
[0mGET /css/comment.css [33m404[0m 14.693 ms - 154[0m
[0mGET /message [32m200[0m 73.025 ms - 15320[0m
[0mGET /message [36m304[0m 68.481 ms - -[0m
[0mGET /message [36m304[0m 79.871 ms - -[0m
[0mGET /message [36m304[0m 134.150 ms - -[0m
[0mGET /message [36m304[0m 67.509 ms - -[0m
[0mGET / [32m200[0m 10.607 ms - 11636[0m
[0mGET /contact [32m200[0m 25.048 ms - 6055[0m
[0mGET /message [36m304[0m 54.640 ms - -[0m
[0mGET /message/user/profile/667ebc0ce2174877a616d372 [36m304[0m 19.219 ms - -[0m
[0mGET /uploads/users/avatars/avatar-1719760895696 [33m404[0m 17.734 ms - 181[0m
[0mGET /message [36m304[0m 51.715 ms - -[0m
[0mGET /message [36m304[0m 41.576 ms - -[0m
[0mGET / [32m200[0m 16.905 ms - 11610[0m
[0mGET / [36m304[0m 14.669 ms - -[0m
[0mGET / [36m304[0m 11.969 ms - -[0m
[0mGET / [36m304[0m 9.673 ms - -[0m
[0mGET / [36m304[0m 9.915 ms - -[0m
[0mGET / [36m304[0m 42.104 ms - -[0m
[0mGET / [36m304[0m 12.639 ms - -[0m
[0mGET /message [32m200[0m 97.656 ms - 7817[0m
[0mGET / [32m200[0m 52.276 ms - 11607[0m
[0mGET / [36m304[0m 15.889 ms - -[0m
[0mGET / [36m304[0m 10.048 ms - -[0m
[0mGET / [36m304[0m 9.224 ms - -[0m
[0mGET / [36m304[0m 9.980 ms - -[0m
[0mGET /contact [32m200[0m 27.597 ms - 6026[0m
[0mGET /message [32m200[0m 67.165 ms - 7812[0m
[0mGET /message/user/sign-in [32m200[0m 16.228 ms - 3001[0m
[0mGET /message/user/css/layout.css [33m404[0m 10.571 ms - 166[0m
[0mGET /message/user/css/footer.css [33m404[0m 20.877 ms - 166[0m
[0mGET /message/user/css/user_sign_in.css [33m404[0m 24.070 ms - 172[0m
[0mGET /message/user/css/footer.css [33m404[0m 11.977 ms - 166[0m
[0mGET /message/user/sign-in [36m304[0m 10.136 ms - -[0m
[0mGET /message/user/css/layout.css [33m404[0m 6.499 ms - 166[0m
[0mGET /message/user/css/footer.css [33m404[0m 8.409 ms - 166[0m
[0mGET /message/user/css/user_sign_in.css [33m404[0m 7.173 ms - 172[0m
[0mGET /message/user/css/footer.css [33m404[0m 6.596 ms - 166[0m
[0mGET /message/user/sign-in [36m304[0m 10.206 ms - -[0m
[0mGET /message/user/css/user_sign_in.css [33m404[0m 6.616 ms - 172[0m
[0mGET /message/user/css/footer.css [33m404[0m 8.461 ms - 166[0m
[0mGET /message/user/css/layout.css [33m404[0m 7.190 ms - 166[0m
[0mGET /message/user/css/footer.css [33m404[0m 6.199 ms - 166[0m
[0mGET /message/user/sign-in [36m304[0m 7.758 ms - -[0m
[0mGET /message/user/css/user_sign_in.css [33m404[0m 4.653 ms - 172[0m
[0mGET /message/user/css/footer.css [33m404[0m 8.777 ms - 166[0m
[0mGET /message/user/css/layout.css [33m404[0m 6.139 ms - 166[0m
[0mGET /message/user/css/footer.css [33m404[0m 5.285 ms - 166[0m
[0mGET /message/user/sign-in [36m304[0m 7.606 ms - -[0m
[0mGET /message/user/css/layout.css [33m404[0m 5.611 ms - 166[0m
[0mGET /message/user/css/footer.css [33m404[0m 6.243 ms - 166[0m
[0mGET /message/user/css/user_sign_in.css [33m404[0m 5.966 ms - 172[0m
[0mGET /message/user/css/footer.css [33m404[0m 5.606 ms - 166[0m
[0mGET /message/user/sign-in [36m304[0m 7.300 ms - -[0m
[0mGET /message/user/css/layout.css [33m404[0m 7.172 ms - 166[0m
[0mGET /message/user/css/user_sign_in.css [33m404[0m 7.459 ms - 172[0m
[0mGET /message/user/css/footer.css [33m404[0m 4.429 ms - 166[0m
[0mGET /message/user/css/footer.css [33m404[0m 5.788 ms - 166[0m
[0mPOST /message/user/create-session [36m302[0m 16.812 ms - 60[0m
[0mGET /message [32m200[0m 35.976 ms - 15588[0m
[0mGET /message/user/sign-out [36m302[0m 20.199 ms - 60[0m
[0mGET /message [32m200[0m 36.019 ms - 8083[0m
[0mGET /message/user/sign-up [32m200[0m 8.756 ms - 3802[0m
[0mGET /message/user/css/layout.css [33m404[0m 10.305 ms - 166[0m
[0mGET /message/user/css/footer.css [33m404[0m 11.966 ms - 166[0m
[0mGET /message/user/css/user_sign_up.css [33m404[0m 11.891 ms - 172[0m
[0mGET /message/user/css/footer.css [33m404[0m 3.790 ms - 166[0m
[0mGET /message/user/sign-in [36m304[0m 8.503 ms - -[0m
[0mGET /message/user/css/layout.css [33m404[0m 6.607 ms - 166[0m
[0mGET /message/user/css/footer.css [33m404[0m 8.677 ms - 166[0m
[0mGET /message/user/css/user_sign_in.css [33m404[0m 7.379 ms - 172[0m
[0mGET /message/user/css/footer.css [33m404[0m 3.365 ms - 166[0m
[0mGET /message/user/sign-in [36m304[0m 5.926 ms - -[0m
[0mGET /message/user/css/footer.css [33m404[0m 8.395 ms - 166[0m
[0mGET /message/user/css/layout.css [33m404[0m 7.828 ms - 166[0m
[0mGET /message/user/css/user_sign_in.css [33m404[0m 7.607 ms - 172[0m
[0mGET /message/user/css/footer.css [33m404[0m 3.673 ms - 166[0m
[0mGET /message [32m200[0m 54.160 ms - 7812[0m
[0mGET / [36m304[0m 7.028 ms - -[0m
[0mGET / [36m304[0m 10.483 ms - -[0m
[0mGET /message [36m304[0m 35.400 ms - -[0m
[0mGET /message/user/sign-in [36m304[0m 8.023 ms - -[0m
[0mGET /message/user/css/footer.css [33m404[0m 6.534 ms - 166[0m
[0mGET /message/user/css/layout.css [33m404[0m 9.230 ms - 166[0m
[0mGET /message/user/css/user_sign_in.css [33m404[0m 13.083 ms - 172[0m
[0mGET /message/user/css/footer.css [33m404[0m 5.354 ms - 166[0m
[0mGET /message/user/sign-up [36m304[0m 7.832 ms - -[0m
[0mGET /message/user/css/layout.css [33m404[0m 8.470 ms - 166[0m
[0mGET /message/user/css/footer.css [33m404[0m 9.466 ms - 166[0m
[0mGET /message/user/css/user_sign_up.css [33m404[0m 8.815 ms - 172[0m
[0mGET /message/user/css/footer.css [33m404[0m 4.842 ms - 166[0m
[0mGET /message/user/sign-up [32m200[0m 9.990 ms - 3863[0m
[0mGET /message/user/css/layout.css [33m404[0m 8.826 ms - 166[0m
[0mGET /message/user/css/footer.css [33m404[0m 10.212 ms - 166[0m
[0mGET /message/user/css/user_sign_up.css [33m404[0m 12.718 ms - 172[0m
[0mGET /message/user/css/footer.css [33m404[0m 4.660 ms - 166[0m
[0mGET /message/user/sign-up [36m304[0m 12.065 ms - -[0m
[0mGET /message/user/css/layout.css [33m404[0m 7.905 ms - 166[0m
[0mGET /message/user/css/footer.css [33m404[0m 11.992 ms - 166[0m
[0mGET /message/user/css/user_sign_up.css [33m404[0m 11.630 ms - 172[0m
[0mGET /message/user/css/footer.css [33m404[0m 6.582 ms - 166[0m
[0mGET /message/user/sign-up [36m304[0m 8.056 ms - -[0m
[0mGET /message/user/css/user_sign_up.css [33m404[0m 4.866 ms - 172[0m
[0mGET /message/user/css/footer.css [33m404[0m 6.552 ms - 166[0m
[0mGET /message/user/css/layout.css [33m404[0m 5.403 ms - 166[0m
[0mGET /message/user/css/footer.css [33m404[0m 4.362 ms - 166[0m
[0mGET /message/user/sign-up [36m304[0m 6.395 ms - -[0m
[0mGET /message/user/css/layout.css [33m404[0m 5.882 ms - 166[0m
[0mGET /message/user/css/user_sign_up.css [33m404[0m 6.709 ms - 172[0m
[0mGET /message/user/css/footer.css [33m404[0m 6.592 ms - 166[0m
[0mGET /message/user/css/footer.css [33m404[0m 4.290 ms - 166[0m
[0mGET /message/user/sign-up [36m304[0m 7.332 ms - -[0m
[0mGET /message/user/css/layout.css [33m404[0m 4.391 ms - 166[0m
[0mGET /message/user/css/user_sign_up.css [33m404[0m 8.563 ms - 172[0m
[0mGET /message/user/css/footer.css [33m404[0m 5.352 ms - 166[0m
[0mGET /message/user/css/footer.css [33m404[0m 4.494 ms - 166[0m
[0mGET /message/user/sign-up [36m304[0m 6.928 ms - -[0m
[0mGET /message/user/css/layout.css [33m404[0m 6.807 ms - 166[0m
[0mGET /message/user/css/footer.css [33m404[0m 6.748 ms - 166[0m
[0mGET /message/user/css/user_sign_up.css [33m404[0m 7.287 ms - 172[0m
[0mGET /message/user/css/footer.css [33m404[0m 4.138 ms - 166[0m
[0mGET /message/user/sign-up [36m304[0m 7.059 ms - -[0m
[0mGET /message/user/css/layout.css [33m404[0m 5.913 ms - 166[0m
[0mGET /message/user/css/footer.css [33m404[0m 7.163 ms - 166[0m
[0mGET /message/user/css/user_sign_up.css [33m404[0m 7.986 ms - 172[0m
[0mGET /message/user/css/footer.css [33m404[0m 4.501 ms - 166[0m
[0mGET /message/user/sign-up [36m304[0m 5.728 ms - -[0m
[0mGET /message/user/css/layout.css [33m404[0m 7.021 ms - 166[0m
[0mGET /message/user/css/footer.css [33m404[0m 7.014 ms - 166[0m
[0mGET /message/user/css/user_sign_up.css [33m404[0m 7.960 ms - 172[0m
[0mGET /message/user/css/footer.css [33m404[0m 4.429 ms - 166[0m
[0mGET /message/user/sign-up [36m304[0m 7.248 ms - -[0m
[0mGET /message/user/css/layout.css [33m404[0m 5.875 ms - 166[0m
[0mGET /message/user/css/footer.css [33m404[0m 6.882 ms - 166[0m
[0mGET /message/user/css/user_sign_up.css [33m404[0m 8.953 ms - 172[0m
[0mGET /message/user/css/footer.css [33m404[0m 4.363 ms - 166[0m
[0mGET /message/user/sign-up [36m304[0m 6.964 ms - -[0m
[0mGET /message/user/css/layout.css [33m404[0m 7.596 ms - 166[0m
[0mGET /message/user/css/footer.css [33m404[0m 8.533 ms - 166[0m
[0mGET /message/user/css/user_sign_up.css [33m404[0m 9.759 ms - 172[0m
[0mGET /message/user/css/footer.css [33m404[0m 3.429 ms - 166[0m
[0mGET /message/user/sign-up [36m304[0m 6.252 ms - -[0m
[0mGET /message/user/css/layout.css [33m404[0m 5.840 ms - 166[0m
[0mGET /message/user/css/footer.css [33m404[0m 6.783 ms - 166[0m
[0mGET /message/user/css/user_sign_up.css [33m404[0m 6.068 ms - 172[0m
[0mGET /message/user/css/footer.css [33m404[0m 4.174 ms - 166[0m
[0mGET /message/user/sign-up [36m304[0m 6.153 ms - -[0m
[0mGET /message/user/css/layout.css [33m404[0m 4.160 ms - 166[0m
[0mGET /message/user/css/footer.css [33m404[0m 8.071 ms - 166[0m
[0mGET /message/user/css/user_sign_up.css [33m404[0m 6.306 ms - 172[0m
[0mGET /message/user/css/footer.css [33m404[0m 4.668 ms - 166[0m
[0mGET /message/user/sign-up [36m304[0m 7.220 ms - -[0m
[0mGET /message/user/css/layout.css [33m404[0m 4.126 ms - 166[0m
[0mGET /message/user/css/footer.css [33m404[0m 6.984 ms - 166[0m
[0mGET /message/user/css/user_sign_up.css [33m404[0m 5.118 ms - 172[0m
[0mGET /message/user/css/footer.css [33m404[0m 4.308 ms - 166[0m
[0mGET /message/user/sign-up [36m304[0m 6.693 ms - -[0m
[0mGET /message/user/css/layout.css [33m404[0m 4.889 ms - 166[0m
[0mGET /message/user/css/user_sign_up.css [33m404[0m 5.382 ms - 172[0m
[0mGET /message/user/css/footer.css [33m404[0m 6.677 ms - 166[0m
[0mGET /message/user/css/footer.css [33m404[0m 4.681 ms - 166[0m
[0mGET /message [32m200[0m 45.289 ms - 7873[0m
[0mGET /message/user/sign-in [32m200[0m 14.897 ms - 3062[0m
[0mGET /message/user/css/footer.css [33m404[0m 9.795 ms - 166[0m
[0mGET /message/user/css/user_sign_up.css [33m404[0m 13.499 ms - 172[0m
[0mGET /message/user/css/layout.css [33m404[0m 15.257 ms - 166[0m
[0mGET /message/user/css/user_sign_in.css [33m404[0m 28.367 ms - 172[0m
[0mGET /message/user/css/footer.css [33m404[0m 11.990 ms - 166[0m
[0mGET /message/user/sign-up [36m304[0m 13.177 ms - -[0m
[0mGET /message/user/css/layout.css [33m404[0m 6.783 ms - 166[0m
[0mGET /message/user/css/footer.css [33m404[0m 9.760 ms - 166[0m
[0mGET /message/user/css/user_sign_up.css [33m404[0m 8.239 ms - 172[0m
[0mGET /message/user/css/footer.css [33m404[0m 4.912 ms - 166[0m
[0mGET /message/user/sign-up [36m304[0m 9.141 ms - -[0m
[0mGET /message/user/css/layout.css [33m404[0m 16.727 ms - 166[0m
[0mGET /message/user/css/footer.css [33m404[0m 9.070 ms - 166[0m
[0mGET /message/user/css/user_sign_up.css [33m404[0m 12.306 ms - 172[0m
[0mGET /message/user/css/footer.css [33m404[0m 4.652 ms - 166[0m
[0mGET /message/user/sign-up [36m304[0m 8.703 ms - -[0m
[0mGET /message/user/css/footer.css [33m404[0m 5.363 ms - 166[0m
[0mGET /message/user/css/layout.css [33m404[0m 7.134 ms - 166[0m
[0mGET /message/user/css/user_sign_up.css [33m404[0m 6.366 ms - 172[0m
[0mGET /message/user/css/footer.css [33m404[0m 8.567 ms - 166[0m
[0mGET /message/user/sign-up [36m304[0m 6.174 ms - -[0m
[0mGET /message/user/css/footer.css [33m404[0m 7.686 ms - 166[0m
[0mGET /message/user/css/layout.css [33m404[0m 7.156 ms - 166[0m
[0mGET /message/user/css/user_sign_up.css [33m404[0m 8.582 ms - 172[0m
[0mGET /message/user/css/footer.css [33m404[0m 4.066 ms - 166[0m
[0mGET /message/user/sign-up [36m304[0m 10.119 ms - -[0m
[0mGET /message/user/css/layout.css [33m404[0m 5.955 ms - 166[0m
[0mGET /message/user/css/footer.css [33m404[0m 7.704 ms - 166[0m
[0mGET /message/user/css/user_sign_up.css [33m404[0m 5.449 ms - 172[0m
[0mGET /message/user/css/footer.css [33m404[0m 5.945 ms - 166[0m
[0mGET /message/user/sign-up [36m304[0m 6.530 ms - -[0m
[0mGET /message/user/css/footer.css [33m404[0m 7.337 ms - 166[0m
[0mGET /message/user/css/layout.css [33m404[0m 5.844 ms - 166[0m
[0mGET /message/user/css/user_sign_up.css [33m404[0m 9.614 ms - 172[0m
[0mGET /message/user/css/footer.css [33m404[0m 6.512 ms - 166[0m
[0mGET /message/user/sign-up [36m304[0m 6.924 ms - -[0m
[0mGET /message/user/css/layout.css [33m404[0m 6.220 ms - 166[0m
[0mGET /message/user/css/footer.css [33m404[0m 7.184 ms - 166[0m
[0mGET /message/user/css/user_sign_up.css [33m404[0m 8.458 ms - 172[0m
[0mGET /message/user/css/footer.css [33m404[0m 3.184 ms - 166[0m
[0mGET /message/user/sign-up [36m304[0m 6.706 ms - -[0m
[0mGET /message/user/css/layout.css [33m404[0m 4.268 ms - 166[0m
[0mGET /message/user/css/footer.css [33m404[0m 7.486 ms - 166[0m
[0mGET /message/user/css/user_sign_up.css [33m404[0m 5.940 ms - 172[0m
[0mGET /message/user/css/footer.css [33m404[0m 5.050 ms - 166[0m
[0mGET /message/user/sign-up [36m304[0m 7.159 ms - -[0m
[0mGET /message/user/css/layout.css [33m404[0m 4.484 ms - 166[0m
[0mGET /message/user/css/footer.css [33m404[0m 5.717 ms - 166[0m
[0mGET /message/user/css/user_sign_up.css [33m404[0m 5.140 ms - 172[0m
[0mGET /message/user/css/footer.css [33m404[0m 5.147 ms - 166[0m
[0mGET /message/user/sign-up [36m304[0m 6.499 ms - -[0m
[0mGET /message/user/css/layout.css [33m404[0m 4.970 ms - 166[0m
[0mGET /message/user/css/footer.css [33m404[0m 6.960 ms - 166[0m
[0mGET /message/user/css/user_sign_up.css [33m404[0m 5.901 ms - 172[0m
[0mGET /message/user/css/footer.css [33m404[0m 4.278 ms - 166[0m
[0mGET /message/user/sign-up [36m304[0m 6.856 ms - -[0m
[0mGET /message/user/css/layout.css [33m404[0m 4.679 ms - 166[0m
[0mGET /message/user/css/footer.css [33m404[0m 5.432 ms - 166[0m
[0mGET /message/user/css/user_sign_up.css [33m404[0m 6.543 ms - 172[0m
[0mGET /message/user/css/footer.css [33m404[0m 4.422 ms - 166[0m
[0mGET /message/user/sign-up [36m304[0m 6.155 ms - -[0m
[0mGET /message/user/css/layout.css [33m404[0m 5.162 ms - 166[0m
[0mGET /message/user/css/user_sign_up.css [33m404[0m 6.001 ms - 172[0m
[0mGET /message/user/css/footer.css [33m404[0m 6.734 ms - 166[0m
[0mGET /message/user/css/footer.css [33m404[0m 3.842 ms - 166[0m
[0mGET /message/user/sign-up [36m304[0m 6.123 ms - -[0m
[0mGET /message/user/css/layout.css [33m404[0m 4.582 ms - 166[0m
[0mGET /message/user/css/user_sign_up.css [33m404[0m 5.306 ms - 172[0m
[0mGET /message/user/css/footer.css [33m404[0m 8.062 ms - 166[0m
[0mGET /message/user/css/footer.css [33m404[0m 3.670 ms - 166[0m
[0mGET /message/user/sign-up [36m304[0m 7.951 ms - -[0m
[0mGET /message/user/css/footer.css [33m404[0m 5.539 ms - 166[0m
[0mGET /message/user/css/layout.css [33m404[0m 4.906 ms - 166[0m
[0mGET /message/user/css/user_sign_up.css [33m404[0m 6.727 ms - 172[0m
[0mGET /message/user/css/footer.css [33m404[0m 4.824 ms - 166[0m
[0mGET /message/user/sign-up [36m304[0m 5.548 ms - -[0m
[0mGET /message/user/css/layout.css [33m404[0m 4.205 ms - 166[0m
[0mGET /message/user/css/footer.css [33m404[0m 4.960 ms - 166[0m
[0mGET /message/user/css/user_sign_up.css [33m404[0m 5.455 ms - 172[0m
[0mGET /message/user/css/footer.css [33m404[0m 3.933 ms - 166[0m
[0mGET /message/user/sign-up [36m304[0m 6.242 ms - -[0m
[0mGET /message/user/css/layout.css [33m404[0m 3.952 ms - 166[0m
[0mGET /message/user/css/footer.css [33m404[0m 4.683 ms - 166[0m
[0mGET /message/user/css/user_sign_up.css [33m404[0m 5.972 ms - 172[0m
[0mGET /message/user/css/footer.css [33m404[0m 3.351 ms - 166[0m
[0mGET /message/user/sign-up [36m304[0m 5.737 ms - -[0m
[0mGET /message/user/css/layout.css [33m404[0m 5.146 ms - 166[0m
[0mGET /message/user/css/footer.css [33m404[0m 5.774 ms - 166[0m
[0mGET /message/user/css/user_sign_up.css [33m404[0m 5.317 ms - 172[0m
[0mGET /message/user/css/footer.css [33m404[0m 3.291 ms - 166[0m
[0mGET /message/user/sign-up [36m304[0m 6.603 ms - -[0m
[0mGET /message/user/css/footer.css [33m404[0m 6.963 ms - 166[0m
[0mGET /message/user/css/layout.css [33m404[0m 6.224 ms - 166[0m
[0mGET /message/user/css/user_sign_up.css [33m404[0m 7.812 ms - 172[0m
[0mGET /message/user/css/footer.css [33m404[0m 3.272 ms - 166[0m
[0mGET /message/user/sign-up [36m304[0m 5.574 ms - -[0m
[0mGET /message/user/css/layout.css [33m404[0m 5.223 ms - 166[0m
[0mGET /message/user/css/footer.css [33m404[0m 5.425 ms - 166[0m
[0mGET /message/user/css/user_sign_up.css [33m404[0m 4.731 ms - 172[0m
[0mGET /message/user/css/footer.css [33m404[0m 2.595 ms - 166[0m
[0mGET /message/user/sign-up [36m304[0m 4.936 ms - -[0m
[0mGET /message/user/css/layout.css [33m404[0m 3.288 ms - 166[0m
[0mGET /message/user/css/footer.css [33m404[0m 4.843 ms - 166[0m
[0mGET /message/user/css/user_sign_up.css [33m404[0m 3.727 ms - 172[0m
[0mGET /message/user/css/footer.css [33m404[0m 3.031 ms - 166[0m
[0mGET /message/user/sign-up [36m304[0m 7.122 ms - -[0m
[0mGET /message/user/css/layout.css [33m404[0m 5.558 ms - 166[0m
[0mGET /message/user/css/footer.css [33m404[0m 6.233 ms - 166[0m
[0mGET /message/user/css/user_sign_up.css [33m404[0m 7.333 ms - 172[0m
[0mGET /message/user/css/footer.css [33m404[0m 3.814 ms - 166[0m
[0mGET /message/user/sign-up [36m304[0m 5.815 ms - -[0m
[0mGET /message/user/css/layout.css [33m404[0m 3.793 ms - 166[0m
[0mGET /message/user/css/user_sign_up.css [33m404[0m 4.656 ms - 172[0m
[0mGET /message/user/css/footer.css [33m404[0m 5.895 ms - 166[0m
[0mGET /message/user/css/footer.css [33m404[0m 3.987 ms - 166[0m
[0mGET /message/user/sign-up [36m304[0m 6.611 ms - -[0m
[0mGET /message/user/css/layout.css [33m404[0m 5.268 ms - 166[0m
[0mGET /message/user/css/footer.css [33m404[0m 5.998 ms - 166[0m
[0mGET /message/user/css/user_sign_up.css [33m404[0m 5.710 ms - 172[0m
[0mGET /message/user/css/footer.css [33m404[0m 2.734 ms - 166[0m
[0mGET /message/user/sign-up [36m304[0m 6.285 ms - -[0m
[0mGET /message/user/css/layout.css [33m404[0m 4.845 ms - 166[0m
[0mGET /message/user/css/footer.css [33m404[0m 6.960 ms - 166[0m
[0mGET /message/user/css/user_sign_up.css [33m404[0m 5.910 ms - 172[0m
[0mGET /message/user/css/footer.css [33m404[0m 3.732 ms - 166[0m
[0mGET /message/user/sign-up [36m304[0m 10.112 ms - -[0m
[0mGET /message/user/css/user_sign_up.css [33m404[0m 4.254 ms - 172[0m
[0mGET /message/user/css/layout.css [33m404[0m 5.257 ms - 166[0m
[0mGET /message/user/css/footer.css [33m404[0m 6.140 ms - 166[0m
[0mGET /message/user/css/footer.css [33m404[0m 4.126 ms - 166[0m
[0mGET /message/user/sign-in [36m304[0m 9.537 ms - -[0m
[0mGET /message/user/css/user_sign_in.css [33m404[0m 5.684 ms - 172[0m
[0mGET /message/user/css/layout.css [33m404[0m 7.429 ms - 166[0m
[0mGET /message/user/css/footer.css [33m404[0m 13.343 ms - 166[0m
[0mGET /message/user/css/user_sign_up.css [33m404[0m 9.669 ms - 172[0m
[0mGET /message/user/css/footer.css [33m404[0m 8.261 ms - 166[0m
[0mGET /message/user/sign-in [36m304[0m 9.604 ms - -[0m
[0mGET /message/user/css/layout.css [33m404[0m 11.991 ms - 166[0m
[0mGET /message/user/css/footer.css [33m404[0m 7.110 ms - 166[0m
[0mGET /message/user/css/user_sign_up.css [33m404[0m 7.059 ms - 172[0m
[0mGET /message/user/css/user_sign_in.css [33m404[0m 7.005 ms - 172[0m
[0mGET /message/user/css/footer.css [33m404[0m 3.624 ms - 166[0m
[0mGET /message/user/sign-in [32m200[0m 7.790 ms - 3063[0m
[0mGET /message/user/css/layout.css [33m404[0m 6.738 ms - 166[0m
[0mGET /message/user/css/user_sign_up.css [33m404[0m 9.232 ms - 172[0m
[0mGET /message/user/css/footer.css [33m404[0m 8.240 ms - 166[0m
[0mGET /message/user/css/footer.css [33m404[0m 6.060 ms - 166[0m
[0mGET /message/user/sign-up [36m304[0m 7.691 ms - -[0m
[0mGET /message/user/css/layout.css [33m404[0m 4.167 ms - 166[0m
[0mGET /message/user/css/footer.css [33m404[0m 4.962 ms - 166[0m
[0mGET /message/user/css/user_sign_up.css [33m404[0m 6.334 ms - 172[0m
[0mGET /message/user/css/footer.css [33m404[0m 4.367 ms - 166[0m
[0mGET /message/user/sign-up [32m200[0m 8.029 ms - 3864[0m
[0mGET /message/user/css/layout.css [33m404[0m 5.854 ms - 166[0m
[0mGET /message/user/css/user_sign_up.css [33m404[0m 5.989 ms - 172[0m
[0mGET /message/user/css/footer.css [33m404[0m 6.788 ms - 166[0m
[0mGET /message/user/css/footer.css [33m404[0m 7.786 ms - 166[0m
[0mGET /message/user/sign-in [36m304[0m 8.690 ms - -[0m
[0mGET /message/user/css/layout.css [33m404[0m 7.107 ms - 166[0m
[0mGET /message/user/css/footer.css [33m404[0m 7.403 ms - 166[0m
[0mGET /message/user/css/user_sign_up.css [33m404[0m 11.293 ms - 172[0m
[0mGET /message/user/css/footer.css [33m404[0m 6.919 ms - 166[0m
[0mGET /message/user/sign-in [36m304[0m 8.899 ms - -[0m
[0mGET /message/user/css/layout.css [33m404[0m 4.344 ms - 166[0m
[0mGET /message/user/css/footer.css [33m404[0m 5.066 ms - 166[0m
[0mGET /message/user/css/user_sign_up.css [33m404[0m 8.614 ms - 172[0m
[0mGET /message/user/css/footer.css [33m404[0m 6.087 ms - 166[0m
[0mGET /message/user/sign-in [32m200[0m 7.379 ms - 3064[0m
[0mGET /message/user/css/layout.css [33m404[0m 5.389 ms - 166[0m
[0mGET /message/user/css/user_sign_up.css [33m404[0m 6.173 ms - 172[0m
[0mGET /message/user/css/footer.css [33m404[0m 10.726 ms - 166[0m
[0mGET /message/user/css/footer.css [33m404[0m 2.843 ms - 166[0m
[0mGET /message [32m200[0m 41.209 ms - 7932[0m
[0mGET / [32m200[0m 6.317 ms - 11669[0m
[0mGET /message [36m304[0m 40.916 ms - -[0m
[0mGET /message/user/sign-in [36m304[0m 6.986 ms - -[0m
[0mGET /message/user/css/layout.css [33m404[0m 7.716 ms - 166[0m
[0mGET /message/user/css/user_sign_up.css [33m404[0m 9.347 ms - 172[0m
[0mGET /message/user/css/footer.css [33m404[0m 10.361 ms - 166[0m
[0mGET /message/user/css/footer.css [33m404[0m 6.832 ms - 166[0m
[0mGET /message/user/auth/google [36m302[0m 6.921 ms - 0[0m
[0mGET /message/user/auth/google/callback?code=4/0ATx3LY5tpKJBfIjZV6j1nrdNOcii72Lvzy6esL5IEleqs-FGbKn8rODZbm4f9Po_WwvZAQ&scope=email%20profile%20openid%20https://www.googleapis.com/auth/userinfo.profile%20https://www.googleapis.com/auth/userinfo.email&authuser=1&prompt=consent [36m302[0m 845.806 ms - 60[0m
[0mGET /message [32m200[0m 35.957 ms - 13931[0m
[0mGET /message/comments/destroy/66817d149fc3f340d294492e [36m302[0m 32.576 ms - 102[0m
[0mGET /message [32m200[0m 25.869 ms - 12502[0m
[0mGET /message/user/profile/6671b73ec7a03d4e03d45caa [32m200[0m 16.985 ms - 2797[0m
[0mGET /message/user/profile/css/layout.css [33m404[0m 17.897 ms - 174[0m
[0mGET /message/user/profile/css/user_sign_up.css [33m404[0m 20.641 ms - 180[0m
[0mGET /message/user/profile/css/user_profile.css [33m404[0m 23.066 ms - 180[0m
[0mGET /uploads/users/avatars/avatar-1719514093658 [33m404[0m 26.800 ms - 181[0m
[0mGET /message/user/profile/css/footer.css [33m404[0m 16.521 ms - 174[0m
[0mGET /message/user/sign-out [36m302[0m 12.968 ms - 60[0m
[0mGET /message [32m200[0m 27.448 ms - 7850[0m
[0mGET /message/user/sign-in [32m200[0m 7.031 ms - 3012[0m
[0mGET /message/user/css/layout.css [33m404[0m 4.151 ms - 166[0m
[0mGET /message/user/css/footer.css [33m404[0m 5.169 ms - 166[0m
[0mGET /message/user/css/footer.css [33m404[0m 8.198 ms - 166[0m
[0mPOST /message/user/create-session [36m302[0m 8.412 ms - 60[0m
[0mGET /message [32m200[0m 27.102 ms - 15139[0m
[0mGET / [32m200[0m 11.443 ms - 11642[0m
[0mGET /contact [32m200[0m 18.730 ms - 6061[0m
[0mGET /message [32m200[0m 40.338 ms - 14865[0m
[0mGET /message/posts/destroy/66817871b330f7105ca14f14 [32m200[0m 17.359 ms - 72[0m
[0mGET /message/posts/destroy/668177c1b330f7105ca14ebd [32m200[0m 18.479 ms - 72[0m
[0mGET /message/posts/destroy/667fea3c2aaf3b3fc885fc6d [32m200[0m 17.836 ms - 72[0m
[0mGET /message/posts/destroy/667f8ef0d62eddb8988ceaf9 [32m200[0m 17.796 ms - 72[0m
[0mGET /message [32m200[0m 21.806 ms - 6568[0m
[0mGET /message/user/css/footer.css [33m404[0m 10.191 ms - 166[0m
[0mGET /message/user/css/layout.css [33m404[0m 11.914 ms - 166[0m
[0mGET / [36m304[0m 13.736 ms - -[0m
[0mGET /contact [32m200[0m 15.765 ms - 3304[0m
[0mGET /contact [31m500[0m 13.145 ms - 353[0m
[0mGET /contact [31m500[0m 6.028 ms - 353[0m
[0mGET /message [31m500[0m 5.554 ms - 353[0m
[0mGET /message/user/sign-out [31m500[0m 8.049 ms - 353[0m
[0mGET /message/user/profile/667ebc0ce2174877a616d372 [31m500[0m 34.962 ms - 353[0m
[0mGET /message/user/sign-out [31m500[0m 11.391 ms - 353[0m
[0mGET /contact [31m500[0m 11.405 ms - 353[0m
[0mGET / [32m200[0m 55.630 ms - 11617[0m
[0mGET /message/user/sign-in [36m304[0m 32.853 ms - -[0m
[0mGET /message/user/css/layout.css [33m404[0m 12.001 ms - 166[0m
[0mGET /message/user/css/footer.css [33m404[0m 42.205 ms - 166[0m
[0mGET /message/user/css/footer.css [33m404[0m 5.712 ms - 166[0m
[0mGET /message/user/auth/google [36m302[0m 6.609 ms - 0[0m
[0mGET /message/user/auth/google/callback?code=4/0ATx3LY7IOfCYf5KWxPSJMF8AZfLk2B7MuaS8haguGM7TNW2hAOL-ZCTbYSNNUgfvGThIgQ&scope=email%20profile%20openid%20https://www.googleapis.com/auth/userinfo.profile%20https://www.googleapis.com/auth/userinfo.email&authuser=1&prompt=consent [36m302[0m 819.613 ms - 60[0m
[0mGET /message [32m200[0m 30.653 ms - 5250[0m
[0mGET /message/user/profile/668252ece5c2a67190be3bb5 [32m200[0m 22.590 ms - 3125[0m
[0mGET /message/user/profile/css/user_profile.css [33m404[0m 21.875 ms - 180[0m
[0mGET /message/user/profile/css/layout.css [33m404[0m 19.046 ms - 174[0m
[0mGET /message/user/profile/css/footer.css [33m404[0m 25.069 ms - 174[0m
[0mGET /message/user/profile/css/footer.css [33m404[0m 11.556 ms - 174[0m
[0mGET /message/user/sign-out [36m302[0m 16.486 ms - 60[0m
[0mGET /message [32m200[0m 19.020 ms - 4352[0m
[0mGET /message/user/sign-up [32m200[0m 12.476 ms - 3813[0m
[0mGET /message/user/css/layout.css [33m404[0m 8.802 ms - 166[0m
[0mGET /message/user/css/footer.css [33m404[0m 8.661 ms - 166[0m
[0mGET /message/user/css/footer.css [33m404[0m 5.669 ms - 166[0m
[0mGET /message/user/sign-in [36m304[0m 14.270 ms - -[0m
[0mGET /message/user/css/footer.css [33m404[0m 13.774 ms - 166[0m
[0mGET /message/user/css/layout.css [33m404[0m 21.020 ms - 166[0m
[0mGET /message/user/css/footer.css [33m404[0m 9.010 ms - 166[0m
[0mGET /message/user/sign-in [36m304[0m 8.085 ms - -[0m
[0mGET /message/user/css/layout.css [33m404[0m 10.931 ms - 166[0m
[0mGET /message/user/css/footer.css [33m404[0m 5.577 ms - 166[0m
[0mGET /message/user/css/footer.css [33m404[0m 8.554 ms - 166[0m
[0mGET /message/user/sign-in [36m304[0m 8.101 ms - -[0m
[0mGET /message/user/css/layout.css [33m404[0m 4.061 ms - 166[0m
[0mGET /message/user/css/footer.css [33m404[0m 5.348 ms - 166[0m
[0mGET /message/user/css/footer.css [33m404[0m 5.852 ms - 166[0m
[0mGET /message/user/auth/google [36m302[0m 3.470 ms - 0[0m
[0mGET /message/user/auth/google/callback?code=4/0ATx3LY6fMMM75eEWI71r0_53LKPkbr25CAKJRYsxA6qNp5-s3SgeT3bi_6OMbpxblWTCmQ&scope=email%20profile%20openid%20https://www.googleapis.com/auth/userinfo.profile%20https://www.googleapis.com/auth/userinfo.email&authuser=1&prompt=consent [36m302[0m 721.566 ms - 60[0m
[0mGET /message [32m200[0m 28.228 ms - 5250[0m
[0mGET /message/user/profile/668252ece5c2a67190be3bb5 [32m200[0m 24.552 ms - 3126[0m
[0mGET /message/user/profile/css/layout.css [33m404[0m 16.089 ms - 174[0m
[0mGET /message/user/profile/css/footer.css [33m404[0m 18.921 ms - 174[0m
[0mGET /message/user/profile/css/footer.css [33m404[0m 12.716 ms - 174[0m
[0mGET / [32m200[0m 10.626 ms - 11652[0m
[0mGET /contact [32m200[0m 26.751 ms - 3314[0m
[0mPOST /create-contact [36m302[0m 13.290 ms - 102[0m
[0mGET /contact [32m200[0m 13.875 ms - 3884[0m
